<!DOCTYPE html>
<html>
<head>
<meta http-equiv="Content-Type" content="text/html; charset=utf-8"/>
<meta http-equiv="x-ua-compatible" content="IE=edge"/>
<title>Test results - Class com.testSuite.AcceptanceTestSuite</title>
<link href="../css/base-style.css" rel="stylesheet" type="text/css"/>
<link href="../css/style.css" rel="stylesheet" type="text/css"/>
<script src="../js/report.js" type="text/javascript"></script>
</head>
<body>
<div id="content">
<h1>Class com.testSuite.AcceptanceTestSuite</h1>
<div class="breadcrumbs">
<a href="../index.html">all</a> &gt; 
<a href="../packages/com.testSuite.html">com.testSuite</a> &gt; AcceptanceTestSuite</div>
<div id="summary">
<table>
<tr>
<td>
<div class="summaryGroup">
<table>
<tr>
<td>
<div class="infoBox" id="tests">
<div class="counter">0</div>
<p>tests</p>
</div>
</td>
<td>
<div class="infoBox" id="failures">
<div class="counter">0</div>
<p>failures</p>
</div>
</td>
<td>
<div class="infoBox" id="ignored">
<div class="counter">0</div>
<p>ignored</p>
</div>
</td>
<td>
<div class="infoBox" id="duration">
<div class="counter">-</div>
<p>duration</p>
</div>
</td>
</tr>
</table>
</div>
</td>
<td>
<div class="infoBox success" id="successRate">
<div class="percent">-</div>
<p>successful</p>
</div>
</td>
</tr>
</table>
</div>
<div id="tabs">
<ul class="tabLinks">
<li>
<a href="#tab0">Tests</a>
</li>
<li>
<a href="#tab1">Standard output</a>
</li>
<li>
<a href="#tab2">Standard error</a>
</li>
</ul>
<div id="tab0" class="tab">
<h2>Tests</h2>
<table>
<thead>
<tr>
<th>Test</th>
<th>Duration</th>
<th>Result</th>
</tr>
</thead>
</table>
</div>
<div id="tab1" class="tab">
<h2>Standard output</h2>
<span class="code">
<pre>Processing system properties {}
Using controls EmbedderControls[batch=false,skip=false,generateViewAfterStories=true,ignoreFailureInStories=true,ignoreFailureInView=true,verboseFailures=false,verboseFiltering=false,storyTimeoutInSecs=300,failOnStoryTimeout=false,threads=1]
Running story Stories/hello.story

(Stories/hello.story)
Scenario: Login into google page
Given I open google page
When I search for term 'apple'
Then I should see link for 'apple' (FAILED)
(net.thucydides.core.webdriver.WebdriverAssertionError: org.junit.ComparisonFailure: expected:&lt;[tru]e&gt; but was:&lt;[fals]e&gt;)

net.thucydides.core.webdriver.WebdriverAssertionError: org.junit.ComparisonFailure: expected:&lt;[tru]e&gt; but was:&lt;[fals]e&gt;
	at sun.reflect.NativeConstructorAccessorImpl.newInstance0(Native Method)
	at sun.reflect.NativeConstructorAccessorImpl.newInstance(NativeConstructorAccessorImpl.java:62)
	at sun.reflect.DelegatingConstructorAccessorImpl.newInstance(DelegatingConstructorAccessorImpl.java:45)
	at com.step.HelloStep.shouldSeeDefinitionOfApple(HelloStep.java:32)
	at com.step.HelloStep$$EnhancerByCGLIB$$7501d9ea.CGLIB$shouldSeeDefinitionOfApple$2(&lt;generated&gt;)
	at com.step.HelloStep$$EnhancerByCGLIB$$7501d9ea$$FastClassByCGLIB$$82b2bad.invoke(&lt;generated&gt;)
	at net.sf.cglib.proxy.MethodProxy.invokeSuper(MethodProxy.java:228)
	at net.thucydides.core.steps.StepInterceptor.invokeMethod(StepInterceptor.java:310)
	at net.thucydides.core.steps.StepInterceptor.invokeMethodAndNotifyFailures(StepInterceptor.java:225)
	at net.thucydides.core.steps.StepInterceptor.runNormalMethod(StepInterceptor.java:218)
	at net.thucydides.core.steps.StepInterceptor.testStepResult(StepInterceptor.java:122)
	at net.thucydides.core.steps.StepInterceptor.intercept(StepInterceptor.java:56)
	at com.step.HelloStep$$EnhancerByCGLIB$$7501d9ea.shouldSeeDefinitionOfApple(&lt;generated&gt;)
	at com.testSuite.maps.HelloMap.shouldSeeDefinitionOfApple(HelloMap.java:28)
	(reflection-invoke)
	at org.jbehave.core.steps.StepCreator$ParametrisedStep.perform(StepCreator.java:595)
	at org.jbehave.core.embedder.StoryRunner$FineSoFar.run(StoryRunner.java:535)
...

Failed to run story Stories/hello.story
net.thucydides.core.webdriver.WebdriverAssertionError: org.junit.ComparisonFailure: expected:&lt;[tru]e&gt; but was:&lt;[fals]e&gt;
	at sun.reflect.NativeConstructorAccessorImpl.newInstance0(Native Method)
	at sun.reflect.NativeConstructorAccessorImpl.newInstance(NativeConstructorAccessorImpl.java:62)
	at sun.reflect.DelegatingConstructorAccessorImpl.newInstance(DelegatingConstructorAccessorImpl.java:45)
	at com.step.HelloStep.shouldSeeDefinitionOfApple(HelloStep.java:32)
	at com.step.HelloStep$$EnhancerByCGLIB$$7501d9ea.CGLIB$shouldSeeDefinitionOfApple$2(&lt;generated&gt;)
	at com.step.HelloStep$$EnhancerByCGLIB$$7501d9ea$$FastClassByCGLIB$$82b2bad.invoke(&lt;generated&gt;)
	at net.sf.cglib.proxy.MethodProxy.invokeSuper(MethodProxy.java:228)
	at net.thucydides.core.steps.StepInterceptor.invokeMethod(StepInterceptor.java:310)
	at net.thucydides.core.steps.StepInterceptor.invokeMethodAndNotifyFailures(StepInterceptor.java:225)
	at net.thucydides.core.steps.StepInterceptor.runNormalMethod(StepInterceptor.java:218)
	at net.thucydides.core.steps.StepInterceptor.testStepResult(StepInterceptor.java:122)
	at net.thucydides.core.steps.StepInterceptor.intercept(StepInterceptor.java:56)
	at com.step.HelloStep$$EnhancerByCGLIB$$7501d9ea.shouldSeeDefinitionOfApple(&lt;generated&gt;)
	at com.testSuite.maps.HelloMap.shouldSeeDefinitionOfApple(HelloMap.java:28)
	at sun.reflect.NativeMethodAccessorImpl.invoke0(Native Method)
	at sun.reflect.NativeMethodAccessorImpl.invoke(NativeMethodAccessorImpl.java:62)
	at sun.reflect.DelegatingMethodAccessorImpl.invoke(DelegatingMethodAccessorImpl.java:43)
	at java.lang.reflect.Method.invoke(Method.java:497)
	at org.jbehave.core.steps.StepCreator$ParametrisedStep.perform(StepCreator.java:595)
	at org.jbehave.core.embedder.StoryRunner$FineSoFar.run(StoryRunner.java:535)
	at org.jbehave.core.embedder.StoryRunner.runStepsWhileKeepingState(StoryRunner.java:515)
	at org.jbehave.core.embedder.StoryRunner.runScenarioSteps(StoryRunner.java:479)
	at org.jbehave.core.embedder.StoryRunner.runStepsWithLifecycle(StoryRunner.java:445)
	at org.jbehave.core.embedder.StoryRunner.runCancellable(StoryRunner.java:305)
	at org.jbehave.core.embedder.StoryRunner.run(StoryRunner.java:220)
	at org.jbehave.core.embedder.StoryRunner.run(StoryRunner.java:181)
	at org.jbehave.core.embedder.StoryManager$EnqueuedStory.call(StoryManager.java:262)
	at org.jbehave.core.embedder.StoryManager$EnqueuedStory.call(StoryManager.java:229)
	at java.util.concurrent.FutureTask.run(FutureTask.java:266)
	at java.util.concurrent.ThreadPoolExecutor.runWorker(ThreadPoolExecutor.java:1142)
	at java.util.concurrent.ThreadPoolExecutor$Worker.run(ThreadPoolExecutor.java:617)
	at java.lang.Thread.run(Thread.java:745)
Caused by: org.junit.ComparisonFailure: expected:&lt;[tru]e&gt; but was:&lt;[fals]e&gt;
	... 32 more
</pre>
</span>
</div>
<div id="tab2" class="tab">
<h2>Standard error</h2>
<span class="code">
<pre>[Test worker] INFO net.thucydides.core.util.PropertiesFileLocalPreferences - LOADING LOCAL PROPERTIES FROM C:\Users\565362\workspace\Hello\serenity.properties 
[Test worker] INFO net.thucydides.core.util.PropertiesFileLocalPreferences - webdriver.timeouts.implicitwait=10000
[Test worker] INFO net.thucydides.core.util.PropertiesFileLocalPreferences - webdriver.driver=chrome
[Test worker] INFO net.thucydides.core.util.PropertiesFileLocalPreferences - webdriver.base.url=http://www.google.com
[Test worker] INFO net.thucydides.core.util.PropertiesFileLocalPreferences - serenity.take.screenshots=FOR_FAILURES
[Test worker] INFO net.thucydides.core.util.PropertiesFileLocalPreferences - LOADING LOCAL PROPERTIES FROM C:\Users\565362\workspace\Hello\serenity.properties 
[pool-1-thread-1] INFO net.serenitybdd.core.Serenity - 

-------------------------------------------------------------------------------------
     _______. _______ .______       _______ .__   __.  __  .___________.____    ____ 
    /       ||   ____||   _  \     |   ____||  \ |  | |  | |           |\   \  /   / 
   |   (----`|  |__   |  |_)  |    |  |__   |   \|  | |  | `---|  |----` \   \/   /  
    \   \    |   __|  |      /     |   __|  |  . `  | |  |     |  |       \_    _/   
.----)   |   |  |____ |  |\  \----.|  |____ |  |\   | |  |     |  |         |  |     
|_______/    |_______|| _| `._____||_______||__| \__| |__|     |__|         |__|    
-------------------------------------------------------------------------------------

[pool-1-thread-1] INFO net.serenitybdd.core.Serenity - Test Suite Started: Hello
</pre>
</span>
</div>
</div>
<div id="footer">
<p>Generated by 
<a href="http://www.gradle.org">Gradle 2.2.1</a> at Mar 1, 2016 9:00:13 PM</p>
</div>
</div>
</body>